[
  {
    "error_short": "error: expected ';' at end of declaration",
    "pattern_type": "build",
    "pattern_name": "gcc/clang error",
    "rel_filepath": "a.cpp",
    "filename": "a.cpp",
    "error_line": "a.cpp:2:14: error: expected ';' at end of declaration",
    "error_context": "a.cpp:2:14: error: expected ';' at end of declaration",
    "line": "2",
    "location": "a.cpp:2",
    "summary": "`a.cpp:2`: `error: expected ';' at end of declaration`"
  },
  {
    "error_short": "error: expected ';' at end of declaration",
    "pattern_type": "build",
    "pattern_name": "gcc/clang error",
    "rel_filepath": "b.cpp",
    "filename": "b.cpp",
    "error_line": "b.cpp:2:14: error: expected ';' at end of declaration",
    "error_context": "b.cpp:2:14: error: expected ';' at end of declaration",
    "line": "2",
    "location": "b.cpp:2",
    "summary": "`b.cpp:2`: `error: expected ';' at end of declaration`"
  },
  {
    "error_short": "error: use of undeclared identifier 'y'",
    "pattern_type": "build",
    "pattern_name": "gcc/clang error",
    "rel_filepath": "c.cpp",
    "filename": "c.cpp",
    "error_line": "c.cpp:2:12: error: use of undeclared identifier 'y'",
    "error_context": "c.cpp:2:12: error: use of undeclared identifier 'y'",
    "line": "2",
    "location": "c.cpp:2",
    "summary": "`c.cpp:2`: `error: use of undeclared identifier 'y'`"
  }
]
